<testsuites name="jest tests" tests="5" failures="0" time="2.048">
  <testsuite name="undefined" errors="0" failures="0" skipped="0" timestamp="2020-04-25T07:04:40" time="2.048" tests="5">
    <testcase classname=" Testing for cycle length 1" name=" Testing for cycle length 1" time="0.11">
    </testcase>
    <testcase classname=" Testing for cycle length 2" name=" Testing for cycle length 2" time="0.066">
    </testcase>
    <testcase classname=" Testing for cycle length 3" name=" Testing for cycle length 3" time="0.099">
    </testcase>
    <testcase classname=" Testing for cycle length 7" name=" Testing for cycle length 7" time="0.142">
    </testcase>
    <testcase classname=" Testing for cycle length 31" name=" Testing for cycle length 31" time="0.403">
    </testcase>
  </testsuite>
</testsuites>